2023-10-24 13:35:25,575 [Worker-1: Loading available Gradle versions] INFO  o.e.b.c.i.u.g.PublishedGradleVersions - Gradle version information cache is up-to-date. Trying to read.
2023-10-24 18:06:08,427 [Worker-4: Loading available Gradle versions] INFO  o.e.b.c.i.u.g.PublishedGradleVersions - Gradle version information cache is out-of-date. Trying to update.
2023-10-27 21:46:36,160 [Worker-0: Loading available Gradle versions] INFO  o.e.b.c.i.u.g.PublishedGradleVersions - Gradle version information cache is up-to-date. Trying to read.
2023-10-29 09:13:15,020 [Worker-1: Loading available Gradle versions] INFO  o.e.b.c.i.u.g.PublishedGradleVersions - Gradle version information cache is out-of-date. Trying to update.
2023-10-29 22:49:56,843 [Worker-81: Launching mavenrun-758472c7-9946-42b9-8d25-1ecb69eca042] INFO  o.eclipse.m2e.core.internal.Bundles - getClasspathEntries(Bundle=org.eclipse.m2e.maven.runtime_3.9.400.20230826-0755 [621])
2023-10-29 22:49:56,869 [Worker-81: Launching mavenrun-758472c7-9946-42b9-8d25-1ecb69eca042] INFO  o.eclipse.m2e.core.internal.Bundles - 	Entry: C:\Users\Neral\.p2\pool\plugins\org.eclipse.m2e.maven.runtime_3.9.400.20230826-0755
2023-10-29 22:49:56,870 [Worker-81: Launching mavenrun-758472c7-9946-42b9-8d25-1ecb69eca042] INFO  o.eclipse.m2e.core.internal.Bundles - 	Entry: C:\Users\neral\.p2\pool\plugins\org.eclipse.m2e.maven.runtime_3.9.400.20230826-0755\jars\aether-connector-okhttp-0.17.8.jar
2023-10-29 22:49:56,870 [Worker-81: Launching mavenrun-758472c7-9946-42b9-8d25-1ecb69eca042] INFO  o.eclipse.m2e.core.internal.Bundles - 	Entry: C:\Users\neral\.p2\pool\plugins\org.eclipse.m2e.maven.runtime_3.9.400.20230826-0755\jars\aopalliance-1.0.jar
2023-10-29 22:49:56,870 [Worker-81: Launching mavenrun-758472c7-9946-42b9-8d25-1ecb69eca042] INFO  o.eclipse.m2e.core.internal.Bundles - 	Entry: C:\Users\neral\.p2\pool\plugins\org.eclipse.m2e.maven.runtime_3.9.400.20230826-0755\jars\commons-lang3-3.12.0.jar
2023-10-29 22:49:56,871 [Worker-81: Launching mavenrun-758472c7-9946-42b9-8d25-1ecb69eca042] INFO  o.eclipse.m2e.core.internal.Bundles - 	Entry: C:\Users\neral\.p2\pool\plugins\org.eclipse.m2e.maven.runtime_3.9.400.20230826-0755\jars\guice-5.1.0.jar
2023-10-29 22:49:56,871 [Worker-81: Launching mavenrun-758472c7-9946-42b9-8d25-1ecb69eca042] INFO  o.eclipse.m2e.core.internal.Bundles - 	Entry: C:\Users\neral\.p2\pool\plugins\org.eclipse.m2e.maven.runtime_3.9.400.20230826-0755\jars\jansi-2.4.0.jar
2023-10-29 22:49:56,872 [Worker-81: Launching mavenrun-758472c7-9946-42b9-8d25-1ecb69eca042] INFO  o.eclipse.m2e.core.internal.Bundles - 	Entry: C:\Users\neral\.p2\pool\plugins\org.eclipse.m2e.maven.runtime_3.9.400.20230826-0755\jars\maven-artifact-3.9.4.jar
2023-10-29 22:49:56,872 [Worker-81: Launching mavenrun-758472c7-9946-42b9-8d25-1ecb69eca042] INFO  o.eclipse.m2e.core.internal.Bundles - 	Entry: C:\Users\neral\.p2\pool\plugins\org.eclipse.m2e.maven.runtime_3.9.400.20230826-0755\jars\maven-builder-support-3.9.4.jar
2023-10-29 22:49:56,872 [Worker-81: Launching mavenrun-758472c7-9946-42b9-8d25-1ecb69eca042] INFO  o.eclipse.m2e.core.internal.Bundles - 	Entry: C:\Users\neral\.p2\pool\plugins\org.eclipse.m2e.maven.runtime_3.9.400.20230826-0755\jars\maven-compat-3.9.4.jar
2023-10-29 22:49:56,872 [Worker-81: Launching mavenrun-758472c7-9946-42b9-8d25-1ecb69eca042] INFO  o.eclipse.m2e.core.internal.Bundles - 	Entry: C:\Users\neral\.p2\pool\plugins\org.eclipse.m2e.maven.runtime_3.9.400.20230826-0755\jars\maven-core-3.9.4.jar
2023-10-29 22:49:56,873 [Worker-81: Launching mavenrun-758472c7-9946-42b9-8d25-1ecb69eca042] INFO  o.eclipse.m2e.core.internal.Bundles - 	Entry: C:\Users\neral\.p2\pool\plugins\org.eclipse.m2e.maven.runtime_3.9.400.20230826-0755\jars\maven-embedder-3.9.4.jar
2023-10-29 22:49:56,873 [Worker-81: Launching mavenrun-758472c7-9946-42b9-8d25-1ecb69eca042] INFO  o.eclipse.m2e.core.internal.Bundles - 	Entry: C:\Users\neral\.p2\pool\plugins\org.eclipse.m2e.maven.runtime_3.9.400.20230826-0755\jars\maven-model-3.9.4.jar
2023-10-29 22:49:56,873 [Worker-81: Launching mavenrun-758472c7-9946-42b9-8d25-1ecb69eca042] INFO  o.eclipse.m2e.core.internal.Bundles - 	Entry: C:\Users\neral\.p2\pool\plugins\org.eclipse.m2e.maven.runtime_3.9.400.20230826-0755\jars\maven-model-builder-3.9.4.jar
2023-10-29 22:49:56,874 [Worker-81: Launching mavenrun-758472c7-9946-42b9-8d25-1ecb69eca042] INFO  o.eclipse.m2e.core.internal.Bundles - 	Entry: C:\Users\neral\.p2\pool\plugins\org.eclipse.m2e.maven.runtime_3.9.400.20230826-0755\jars\maven-plugin-api-3.9.4.jar
2023-10-29 22:49:56,874 [Worker-81: Launching mavenrun-758472c7-9946-42b9-8d25-1ecb69eca042] INFO  o.eclipse.m2e.core.internal.Bundles - 	Entry: C:\Users\neral\.p2\pool\plugins\org.eclipse.m2e.maven.runtime_3.9.400.20230826-0755\jars\maven-repository-metadata-3.9.4.jar
2023-10-29 22:49:56,874 [Worker-81: Launching mavenrun-758472c7-9946-42b9-8d25-1ecb69eca042] INFO  o.eclipse.m2e.core.internal.Bundles - 	Entry: C:\Users\neral\.p2\pool\plugins\org.eclipse.m2e.maven.runtime_3.9.400.20230826-0755\jars\maven-resolver-api-1.9.14.jar
2023-10-29 22:49:56,874 [Worker-81: Launching mavenrun-758472c7-9946-42b9-8d25-1ecb69eca042] INFO  o.eclipse.m2e.core.internal.Bundles - 	Entry: C:\Users\neral\.p2\pool\plugins\org.eclipse.m2e.maven.runtime_3.9.400.20230826-0755\jars\maven-resolver-connector-basic-1.9.14.jar
2023-10-29 22:49:56,874 [Worker-81: Launching mavenrun-758472c7-9946-42b9-8d25-1ecb69eca042] INFO  o.eclipse.m2e.core.internal.Bundles - 	Entry: C:\Users\neral\.p2\pool\plugins\org.eclipse.m2e.maven.runtime_3.9.400.20230826-0755\jars\maven-resolver-impl-1.9.14.jar
2023-10-29 22:49:56,875 [Worker-81: Launching mavenrun-758472c7-9946-42b9-8d25-1ecb69eca042] INFO  o.eclipse.m2e.core.internal.Bundles - 	Entry: C:\Users\neral\.p2\pool\plugins\org.eclipse.m2e.maven.runtime_3.9.400.20230826-0755\jars\maven-resolver-named-locks-1.9.14.jar
2023-10-29 22:49:56,875 [Worker-81: Launching mavenrun-758472c7-9946-42b9-8d25-1ecb69eca042] INFO  o.eclipse.m2e.core.internal.Bundles - 	Entry: C:\Users\neral\.p2\pool\plugins\org.eclipse.m2e.maven.runtime_3.9.400.20230826-0755\jars\maven-resolver-provider-3.9.4.jar
2023-10-29 22:49:56,875 [Worker-81: Launching mavenrun-758472c7-9946-42b9-8d25-1ecb69eca042] INFO  o.eclipse.m2e.core.internal.Bundles - 	Entry: C:\Users\neral\.p2\pool\plugins\org.eclipse.m2e.maven.runtime_3.9.400.20230826-0755\jars\maven-resolver-spi-1.9.14.jar
2023-10-29 22:49:56,875 [Worker-81: Launching mavenrun-758472c7-9946-42b9-8d25-1ecb69eca042] INFO  o.eclipse.m2e.core.internal.Bundles - 	Entry: C:\Users\neral\.p2\pool\plugins\org.eclipse.m2e.maven.runtime_3.9.400.20230826-0755\jars\maven-resolver-transport-wagon-1.9.14.jar
2023-10-29 22:49:56,875 [Worker-81: Launching mavenrun-758472c7-9946-42b9-8d25-1ecb69eca042] INFO  o.eclipse.m2e.core.internal.Bundles - 	Entry: C:\Users\neral\.p2\pool\plugins\org.eclipse.m2e.maven.runtime_3.9.400.20230826-0755\jars\maven-resolver-util-1.9.14.jar
2023-10-29 22:49:56,876 [Worker-81: Launching mavenrun-758472c7-9946-42b9-8d25-1ecb69eca042] INFO  o.eclipse.m2e.core.internal.Bundles - 	Entry: C:\Users\neral\.p2\pool\plugins\org.eclipse.m2e.maven.runtime_3.9.400.20230826-0755\jars\maven-settings-3.9.4.jar
2023-10-29 22:49:56,876 [Worker-81: Launching mavenrun-758472c7-9946-42b9-8d25-1ecb69eca042] INFO  o.eclipse.m2e.core.internal.Bundles - 	Entry: C:\Users\neral\.p2\pool\plugins\org.eclipse.m2e.maven.runtime_3.9.400.20230826-0755\jars\maven-settings-builder-3.9.4.jar
2023-10-29 22:49:56,876 [Worker-81: Launching mavenrun-758472c7-9946-42b9-8d25-1ecb69eca042] INFO  o.eclipse.m2e.core.internal.Bundles - 	Entry: C:\Users\neral\.p2\pool\plugins\org.eclipse.m2e.maven.runtime_3.9.400.20230826-0755\jars\maven-shared-utils-3.3.4.jar
2023-10-29 22:49:56,876 [Worker-81: Launching mavenrun-758472c7-9946-42b9-8d25-1ecb69eca042] INFO  o.eclipse.m2e.core.internal.Bundles - 	Entry: C:\Users\neral\.p2\pool\plugins\org.eclipse.m2e.maven.runtime_3.9.400.20230826-0755\jars\okhttp-3.14.1.jar
2023-10-29 22:49:56,877 [Worker-81: Launching mavenrun-758472c7-9946-42b9-8d25-1ecb69eca042] INFO  o.eclipse.m2e.core.internal.Bundles - 	Entry: C:\Users\neral\.p2\pool\plugins\org.eclipse.m2e.maven.runtime_3.9.400.20230826-0755\jars\okio-1.17.3.jar
2023-10-29 22:49:56,877 [Worker-81: Launching mavenrun-758472c7-9946-42b9-8d25-1ecb69eca042] INFO  o.eclipse.m2e.core.internal.Bundles - 	Entry: C:\Users\neral\.p2\pool\plugins\org.eclipse.m2e.maven.runtime_3.9.400.20230826-0755\jars\org.eclipse.sisu.inject-0.3.5.jar
2023-10-29 22:49:56,877 [Worker-81: Launching mavenrun-758472c7-9946-42b9-8d25-1ecb69eca042] INFO  o.eclipse.m2e.core.internal.Bundles - 	Entry: C:\Users\neral\.p2\pool\plugins\org.eclipse.m2e.maven.runtime_3.9.400.20230826-0755\jars\org.eclipse.sisu.plexus-0.3.5.jar
2023-10-29 22:49:56,877 [Worker-81: Launching mavenrun-758472c7-9946-42b9-8d25-1ecb69eca042] INFO  o.eclipse.m2e.core.internal.Bundles - 	Entry: C:\Users\neral\.p2\pool\plugins\org.eclipse.m2e.maven.runtime_3.9.400.20230826-0755\jars\plexus-build-api-0.0.7.jar
2023-10-29 22:49:56,878 [Worker-81: Launching mavenrun-758472c7-9946-42b9-8d25-1ecb69eca042] INFO  o.eclipse.m2e.core.internal.Bundles - 	Entry: C:\Users\neral\.p2\pool\plugins\org.eclipse.m2e.maven.runtime_3.9.400.20230826-0755\jars\plexus-cipher-2.0.jar
2023-10-29 22:49:56,878 [Worker-81: Launching mavenrun-758472c7-9946-42b9-8d25-1ecb69eca042] INFO  o.eclipse.m2e.core.internal.Bundles - 	Entry: C:\Users\neral\.p2\pool\plugins\org.eclipse.m2e.maven.runtime_3.9.400.20230826-0755\jars\plexus-classworlds-2.7.0.jar
2023-10-29 22:49:56,878 [Worker-81: Launching mavenrun-758472c7-9946-42b9-8d25-1ecb69eca042] INFO  o.eclipse.m2e.core.internal.Bundles - 	Entry: C:\Users\neral\.p2\pool\plugins\org.eclipse.m2e.maven.runtime_3.9.400.20230826-0755\jars\plexus-component-annotations-2.1.0.jar
2023-10-29 22:49:56,878 [Worker-81: Launching mavenrun-758472c7-9946-42b9-8d25-1ecb69eca042] INFO  o.eclipse.m2e.core.internal.Bundles - 	Entry: C:\Users\neral\.p2\pool\plugins\org.eclipse.m2e.maven.runtime_3.9.400.20230826-0755\jars\plexus-interpolation-1.26.jar
2023-10-29 22:49:56,879 [Worker-81: Launching mavenrun-758472c7-9946-42b9-8d25-1ecb69eca042] INFO  o.eclipse.m2e.core.internal.Bundles - 	Entry: C:\Users\neral\.p2\pool\plugins\org.eclipse.m2e.maven.runtime_3.9.400.20230826-0755\jars\plexus-sec-dispatcher-2.0.jar
2023-10-29 22:49:56,879 [Worker-81: Launching mavenrun-758472c7-9946-42b9-8d25-1ecb69eca042] INFO  o.eclipse.m2e.core.internal.Bundles - 	Entry: C:\Users\neral\.p2\pool\plugins\org.eclipse.m2e.maven.runtime_3.9.400.20230826-0755\jars\plexus-utils-3.5.1.jar
2023-10-29 22:49:56,880 [Worker-81: Launching mavenrun-758472c7-9946-42b9-8d25-1ecb69eca042] INFO  o.eclipse.m2e.core.internal.Bundles - 	Entry: C:\Users\neral\.p2\pool\plugins\org.eclipse.m2e.maven.runtime_3.9.400.20230826-0755\jars\wagon-file-3.5.3.jar
2023-10-29 22:49:56,880 [Worker-81: Launching mavenrun-758472c7-9946-42b9-8d25-1ecb69eca042] INFO  o.eclipse.m2e.core.internal.Bundles - 	Entry: C:\Users\neral\.p2\pool\plugins\org.eclipse.m2e.maven.runtime_3.9.400.20230826-0755\jars\wagon-provider-api-3.5.3.jar
2023-10-29 22:49:56,885 [Worker-81: Launching mavenrun-758472c7-9946-42b9-8d25-1ecb69eca042] INFO  o.eclipse.m2e.core.internal.Bundles - getClasspathEntries(Bundle=com.google.guava_32.1.2.jre [12])
2023-10-29 22:49:56,886 [Worker-81: Launching mavenrun-758472c7-9946-42b9-8d25-1ecb69eca042] INFO  o.eclipse.m2e.core.internal.Bundles - 	Entry: C:\Users\Neral\.p2\pool\plugins\com.google.guava_32.1.2.jre.jar
2023-10-29 22:49:56,886 [Worker-81: Launching mavenrun-758472c7-9946-42b9-8d25-1ecb69eca042] INFO  o.eclipse.m2e.core.internal.Bundles - getClasspathEntries(Bundle=slf4j.api_2.0.9 [982])
2023-10-29 22:49:56,887 [Worker-81: Launching mavenrun-758472c7-9946-42b9-8d25-1ecb69eca042] INFO  o.eclipse.m2e.core.internal.Bundles - 	Entry: C:\Users\Neral\.p2\pool\plugins\slf4j.api_2.0.9.jar
2023-10-29 22:49:56,887 [Worker-81: Launching mavenrun-758472c7-9946-42b9-8d25-1ecb69eca042] INFO  o.eclipse.m2e.core.internal.Bundles - getClasspathEntries(Bundle=javax.inject_1.0.0.v20220405-0441 [38])
2023-10-29 22:49:56,887 [Worker-81: Launching mavenrun-758472c7-9946-42b9-8d25-1ecb69eca042] INFO  o.eclipse.m2e.core.internal.Bundles - 	Entry: C:\Users\Neral\.p2\pool\plugins\javax.inject_1.0.0.v20220405-0441.jar
2023-10-29 22:49:56,887 [Worker-81: Launching mavenrun-758472c7-9946-42b9-8d25-1ecb69eca042] INFO  o.eclipse.m2e.core.internal.Bundles - getClasspathEntries(Bundle=javax.annotation_1.3.5.v20230504-0748 [1035])
2023-10-29 22:49:56,888 [Worker-81: Launching mavenrun-758472c7-9946-42b9-8d25-1ecb69eca042] INFO  o.eclipse.m2e.core.internal.Bundles - 	Entry: C:\Users\Neral\.p2\pool\plugins\javax.annotation_1.3.5.v20230504-0748.jar
2023-10-29 22:49:56,888 [Worker-81: Launching mavenrun-758472c7-9946-42b9-8d25-1ecb69eca042] INFO  o.eclipse.m2e.core.internal.Bundles - getClasspathEntries(Bundle=org.apache.commons.cli_1.5.0 [73])
2023-10-29 22:49:56,888 [Worker-81: Launching mavenrun-758472c7-9946-42b9-8d25-1ecb69eca042] INFO  o.eclipse.m2e.core.internal.Bundles - 	Entry: C:\Users\Neral\.p2\pool\plugins\org.apache.commons.cli_1.5.0.jar
2023-10-29 22:49:56,888 [Worker-81: Launching mavenrun-758472c7-9946-42b9-8d25-1ecb69eca042] INFO  o.eclipse.m2e.core.internal.Bundles - getClasspathEntries(Bundle=com.google.guava.failureaccess_1.0.1 [14])
2023-10-29 22:49:56,889 [Worker-81: Launching mavenrun-758472c7-9946-42b9-8d25-1ecb69eca042] INFO  o.eclipse.m2e.core.internal.Bundles - 	Entry: C:\Users\Neral\.p2\pool\plugins\com.google.guava.failureaccess_1.0.1.jar
2023-10-29 22:49:56,893 [Worker-81: Launching mavenrun-758472c7-9946-42b9-8d25-1ecb69eca042] INFO  o.e.m.i.launch.MavenLaunchDelegate - Run build in "C:\Users\Neral\AppData\Local\Temp\m2e-archetypeGenerator13334993236595857161":
2023-10-29 22:49:56,899 [Worker-81: Launching mavenrun-758472c7-9946-42b9-8d25-1ecb69eca042] INFO  o.e.m.i.launch.MavenLaunchDelegate -  mvn  -DarchetypeGroupId=org.apache.maven.archetypes -DarchetypeArtifactId=maven-archetype-quickstart -DarchetypeVersion=1.1 -DgroupId=com.suchiit -DartifactId=AllSpringCore -Dversion=0.0.1-SNAPSHOT -Dpackage=com.suchiit.AllSpringCore -DoutputDirectory=C:\Users\Neral\eclipse-workspace2\eclipse-workspacespring -Dstyle.color=always -U archetype:generate
2023-10-29 22:50:24,411 [Worker-79: Creating maven-archetype-quickstart] INFO  o.e.m.c.i.p.ProjectConfigurationManager - Collecting project info '/pom.xml' C:\Users\Neral\eclipse-workspace2\eclipse-workspacespring\AllSpringCore\pom.xml
2023-10-29 22:50:25,265 [Worker-79: Creating maven-archetype-quickstart] INFO  o.e.m.c.i.l.LifecycleMappingFactory - Using org.eclipse.m2e.jdt.JarLifecycleMapping lifecycle mapping for MavenProject: com.suchiit:AllSpringCore:0.0.1-SNAPSHOT @ C:\Users\Neral\eclipse-workspace2\eclipse-workspacespring\AllSpringCore\pom.xml.
2023-10-29 22:50:26,871 [Worker-79: Creating maven-archetype-quickstart] INFO  o.e.m.j.i.AbstractJavaProjectConfigurator - Adding source folder /AllSpringCore/src/main/java
2023-10-29 22:50:26,871 [Worker-79: Creating maven-archetype-quickstart] INFO  o.e.m.j.i.AbstractJavaProjectConfigurator - Adding resource folder /AllSpringCore/src/main/resources
2023-10-29 22:50:26,875 [Worker-79: Creating maven-archetype-quickstart] INFO  o.e.m.j.i.AbstractJavaProjectConfigurator - Adding source folder /AllSpringCore/src/test/java
2023-10-29 22:50:26,876 [Worker-79: Creating maven-archetype-quickstart] INFO  o.e.m.j.i.AbstractJavaProjectConfigurator - Adding resource folder /AllSpringCore/src/test/resources
2023-10-29 22:50:27,377 [Worker-79: Creating maven-archetype-quickstart] INFO  o.a.m.s.f.DefaultMavenResourcesFiltering - skip non existing resourceDirectory C:\Users\Neral\eclipse-workspace2\eclipse-workspacespring\AllSpringCore\src\main\resources
2023-10-29 22:50:27,383 [Worker-79: Creating maven-archetype-quickstart] INFO  o.a.m.s.f.DefaultMavenResourcesFiltering - skip non existing resourceDirectory C:\Users\Neral\eclipse-workspace2\eclipse-workspacespring\AllSpringCore\src\test\resources
2023-10-29 22:50:27,949 [Worker-79: Creating maven-archetype-quickstart] INFO  o.e.m.c.i.p.ProjectConfigurationManager - Imported and configured 1 project(s) in 3 sec
2023-10-29 22:50:31,980 [Worker-81: Building] INFO  o.a.m.s.f.DefaultMavenResourcesFiltering - skip non existing resourceDirectory C:\Users\Neral\eclipse-workspace2\eclipse-workspacespring\AllSpringCore\src\main\resources
2023-10-29 22:50:31,984 [Worker-81: Building] INFO  o.a.m.s.f.DefaultMavenResourcesFiltering - skip non existing resourceDirectory C:\Users\Neral\eclipse-workspace2\eclipse-workspacespring\AllSpringCore\src\test\resources
2023-10-29 22:55:45,047 [Worker-88: Building] INFO  o.e.m.c.i.l.LifecycleMappingFactory - Using org.eclipse.m2e.jdt.JarLifecycleMapping lifecycle mapping for MavenProject: com.suchiit:AllSpringCore:0.0.1-SNAPSHOT @ C:\Users\Neral\eclipse-workspace2\eclipse-workspacespring\AllSpringCore\pom.xml.
2023-10-29 22:55:45,296 [Worker-88: Building] INFO  o.a.m.s.f.DefaultMavenResourcesFiltering - skip non existing resourceDirectory C:\Users\Neral\eclipse-workspace2\eclipse-workspacespring\AllSpringCore\src\main\resources
2023-10-29 22:55:45,300 [Worker-88: Building] INFO  o.a.m.s.f.DefaultMavenResourcesFiltering - skip non existing resourceDirectory C:\Users\Neral\eclipse-workspace2\eclipse-workspacespring\AllSpringCore\src\test\resources
2023-10-30 08:52:26,067 [Worker-0: Loading available Gradle versions] INFO  o.e.b.c.i.u.g.PublishedGradleVersions - Gradle version information cache is up-to-date. Trying to read.
2023-10-30 08:52:44,997 [Worker-2: Building] INFO  o.e.m.c.i.l.LifecycleMappingFactory - Using org.eclipse.m2e.jdt.JarLifecycleMapping lifecycle mapping for MavenProject: com.suchiit:AllSpringCore:0.0.1-SNAPSHOT @ C:\Users\Neral\eclipse-workspace2\eclipse-workspacespring\AllSpringCore\pom.xml.
2023-10-30 08:52:46,257 [Worker-2: Building] INFO  o.a.m.s.f.DefaultMavenResourcesFiltering - skip non existing resourceDirectory C:\Users\Neral\eclipse-workspace2\eclipse-workspacespring\AllSpringCore\src\main\resources
2023-10-30 08:52:46,268 [Worker-2: Building] INFO  o.a.m.s.f.DefaultMavenResourcesFiltering - skip non existing resourceDirectory C:\Users\Neral\eclipse-workspace2\eclipse-workspacespring\AllSpringCore\src\test\resources
2023-10-30 09:00:56,933 [Worker-29: Building] INFO  o.a.m.s.f.DefaultMavenResourcesFiltering - skip non existing resourceDirectory C:\Users\Neral\eclipse-workspace2\eclipse-workspacespring\AllSpringCore\src\main\resources
2023-10-30 09:00:56,936 [Worker-29: Building] INFO  o.a.m.s.f.DefaultMavenResourcesFiltering - skip non existing resourceDirectory C:\Users\Neral\eclipse-workspace2\eclipse-workspacespring\AllSpringCore\src\test\resources
2023-10-30 10:01:53,635 [Worker-40: Building] INFO  o.a.m.s.f.DefaultMavenResourcesFiltering - skip non existing resourceDirectory C:\Users\Neral\eclipse-workspace2\eclipse-workspacespring\AllSpringCore\src\main\resources
2023-10-30 10:01:53,639 [Worker-40: Building] INFO  o.a.m.s.f.DefaultMavenResourcesFiltering - skip non existing resourceDirectory C:\Users\Neral\eclipse-workspace2\eclipse-workspacespring\AllSpringCore\src\test\resources
2023-10-30 10:04:47,437 [Worker-45: Building] INFO  o.a.m.s.f.DefaultMavenResourcesFiltering - skip non existing resourceDirectory C:\Users\Neral\eclipse-workspace2\eclipse-workspacespring\AllSpringCore\src\main\resources
2023-10-30 10:04:47,440 [Worker-45: Building] INFO  o.a.m.s.f.DefaultMavenResourcesFiltering - skip non existing resourceDirectory C:\Users\Neral\eclipse-workspace2\eclipse-workspacespring\AllSpringCore\src\test\resources
2023-10-30 10:16:31,838 [Worker-50: Building] INFO  o.a.m.s.f.DefaultMavenResourcesFiltering - skip non existing resourceDirectory C:\Users\Neral\eclipse-workspace2\eclipse-workspacespring\AllSpringCore\src\main\resources
2023-10-30 10:16:31,841 [Worker-50: Building] INFO  o.a.m.s.f.DefaultMavenResourcesFiltering - skip non existing resourceDirectory C:\Users\Neral\eclipse-workspace2\eclipse-workspacespring\AllSpringCore\src\test\resources
2023-10-30 10:24:10,098 [Worker-55: Building] INFO  o.a.m.s.f.DefaultMavenResourcesFiltering - skip non existing resourceDirectory C:\Users\Neral\eclipse-workspace2\eclipse-workspacespring\AllSpringCore\src\main\resources
2023-10-30 10:24:10,101 [Worker-55: Building] INFO  o.a.m.s.f.DefaultMavenResourcesFiltering - skip non existing resourceDirectory C:\Users\Neral\eclipse-workspace2\eclipse-workspacespring\AllSpringCore\src\test\resources
2023-10-30 10:24:24,652 [Worker-58: Building] INFO  o.a.m.s.f.DefaultMavenResourcesFiltering - skip non existing resourceDirectory C:\Users\Neral\eclipse-workspace2\eclipse-workspacespring\AllSpringCore\src\main\resources
2023-10-30 10:24:24,657 [Worker-58: Building] INFO  o.a.m.s.f.DefaultMavenResourcesFiltering - skip non existing resourceDirectory C:\Users\Neral\eclipse-workspace2\eclipse-workspacespring\AllSpringCore\src\test\resources
2023-10-30 10:29:08,046 [Worker-59: Building] INFO  o.a.m.s.f.DefaultMavenResourcesFiltering - skip non existing resourceDirectory C:\Users\Neral\eclipse-workspace2\eclipse-workspacespring\AllSpringCore\src\main\resources
2023-10-30 10:29:08,048 [Worker-59: Building] INFO  o.a.m.s.f.DefaultMavenResourcesFiltering - skip non existing resourceDirectory C:\Users\Neral\eclipse-workspace2\eclipse-workspacespring\AllSpringCore\src\test\resources
2023-10-30 10:29:19,002 [Worker-59: Building] INFO  o.a.m.s.f.DefaultMavenResourcesFiltering - skip non existing resourceDirectory C:\Users\Neral\eclipse-workspace2\eclipse-workspacespring\AllSpringCore\src\main\resources
2023-10-30 10:29:19,005 [Worker-59: Building] INFO  o.a.m.s.f.DefaultMavenResourcesFiltering - skip non existing resourceDirectory C:\Users\Neral\eclipse-workspace2\eclipse-workspacespring\AllSpringCore\src\test\resources
